<?xml version="1.0" encoding="UTF-8"?>
<!-- Generated by org.testng.reporters.JUnitReportReporter -->
<testsuite hostname="ojt28-PC" name="DriverFactory.AppTest" tests="1" failures="0" timestamp="23 Oct 2019 04:43:07 GMT" time="21.362" errors="0">
  <testcase name="ERP_Start" time="21.362" classname="DriverFactory.AppTest"/>
</testsuite> <!-- DriverFactory.AppTest -->
